<?xml version='1.0' encoding='UTF-8' ?>
<testsuites tests="6" failures="0" errors="0" skipped="0" time="31.243" timestamp="2026-07-21T15:16:35" hostname="localhost">
  <testsuite name="com.example.remindy.AuthE2ETest" tests="3" failures="0" errors="0" skipped="0" time="6.949" timestamp="2026-07-21T15:16:35" hostname="localhost">
    <properties>
      <property name="device" value="Pixel 7a - 16" />
      <property name="flavor" value="" />
      <property name="project" value=":app" />
    </properties>
    <testcase name="testLogin" classname="com.example.remindy.AuthE2ETest" time="3.374" />
    <testcase name="testLoginWithWrongPassword_showsError" classname="com.example.remindy.AuthE2ETest" time="1.754" />
    <testcase name="testRegister" classname="com.example.remindy.AuthE2ETest" time="1.821" />
  </testsuite>
  <testsuite name="com.example.remindy.ReminderE2ETest" tests="3" failures="0" errors="0" skipped="0" time="22.805" timestamp="2026-07-21T15:16:35" hostname="localhost">
    <properties>
      <property name="device" value="Pixel 7a - 16" />
      <property name="flavor" value="" />
      <property name="project" value=":app" />
    </properties>
    <testcase name="testCreateReminder_appearsInList" classname="com.example.remindy.ReminderE2ETest" time="3.159" />
    <testcase name="testEditReminder_titleUpdated" classname="com.example.remindy.ReminderE2ETest" time="3.73" />
    <testcase name="testDeleteReminder_removedFromList" classname="com.example.remindy.ReminderE2ETest" time="15.916" />
  </testsuite>
</testsuites>